# JRE version: 7.0_25-b17
# Java VM: Java HotSpot(TM) 64-Bit Server VM (23.25-b01 mixed mode windows-amd64 compressed oops)
Heap
 PSYoungGen      total 155264K, used 455K [0x00000000f5560000, 0x00000000fffa0000, 0x0000000100000000)
  eden space 136384K, 0% used [0x00000000f5560000,0x00000000f55d1ce0,0x00000000fda90000)
  from space 18880K, 0% used [0x00000000fed10000,0x00000000fed10000,0x00000000fff80000)
  to   space 18944K, 0% used [0x00000000fda90000,0x00000000fda90000,0x00000000fed10000)
 ParOldGen       total 95680K, used 40451K [0x00000000e0000000, 0x00000000e5d70000, 0x00000000f5560000)
  object space 95680K, 42% used [0x00000000e0000000,0x00000000e2780d80,0x00000000e5d70000)
 PSPermGen       total 86208K, used 85746K [0x00000000d0000000, 0x00000000d5430000, 0x00000000e0000000)
  object space 86208K, 99% used [0x00000000d0000000,0x00000000d53bcab8,0x00000000d5430000)
GC Heap History (10 events):
Event: 87412.773 GC heap before
{Heap before GC invocations=311 (full 137):
 PSYoungGen      total 153472K, used 143928K [0x00000000f5560000, 0x00000000ffeb0000, 0x0000000100000000)
  eden space 134016K, 100% used [0x00000000f5560000,0x00000000fd840000,0x00000000fd840000)
  from space 19456K, 50% used [0x00000000fd840000,0x00000000fe1ee010,0x00000000feb40000)
  to   space 18816K, 0% used [0x00000000fec50000,0x00000000fec50000,0x00000000ffeb0000)
 ParOldGen       total 95680K, used 58594K [0x00000000e0000000, 0x00000000e5d70000, 0x00000000f5560000)
  object space 95680K, 61% used [0x00000000e0000000,0x00000000e3938af8,0x00000000e5d70000)
 PSPermGen       total 86208K, used 85738K [0x00000000d0000000, 0x00000000d5430000, 0x00000000e0000000)
  object space 86208K, 99% used [0x00000000d0000000,0x00000000d53babd0,0x00000000d5430000)
Event: 87412.800 GC heap after
Heap after GC invocations=311 (full 137):
 PSYoungGen      total 154816K, used 10784K [0x00000000f5560000, 0x00000000ffee0000, 0x0000000100000000)
  eden space 136000K, 0% used [0x00000000f5560000,0x00000000f5560000,0x00000000fda30000)
  from space 18816K, 57% used [0x00000000fec50000,0x00000000ff6d8008,0x00000000ffeb0000)
  to   space 18560K, 0% used [0x00000000fda30000,0x00000000fda30000,0x00000000fec50000)
 ParOldGen       total 95680K, used 67970K [0x00000000e0000000, 0x00000000e5d70000, 0x00000000f5560000)
  object space 95680K, 71% used [0x00000000e0000000,0x00000000e4260b08,0x00000000e5d70000)
 PSPermGen       total 86208K, used 85738K [0x00000000d0000000, 0x00000000d5430000, 0x00000000e0000000)
  object space 86208K, 99% used [0x00000000d0000000,0x00000000d53babd0,0x00000000d5430000)
}
Event: 87413.395 GC heap before
{Heap before GC invocations=312 (full 137):
 PSYoungGen      total 154816K, used 65111K [0x00000000f5560000, 0x00000000ffee0000, 0x0000000100000000)
  eden space 136000K, 39% used [0x00000000f5560000,0x00000000f8a6dda0,0x00000000fda30000)
  from space 18816K, 57% used [0x00000000fec50000,0x00000000ff6d8008,0x00000000ffeb0000)
  to   space 18560K, 0% used [0x00000000fda30000,0x00000000fda30000,0x00000000fec50000)
 ParOldGen       total 95680K, used 67970K [0x00000000e0000000, 0x00000000e5d70000, 0x00000000f5560000)
  object space 95680K, 71% used [0x00000000e0000000,0x00000000e4260b08,0x00000000e5d70000)
 PSPermGen       total 86208K, used 85739K [0x00000000d0000000, 0x00000000d5430000, 0x00000000e0000000)
  object space 86208K, 99% used [0x00000000d0000000,0x00000000d53bad28,0x00000000d5430000)
Event: 87413.413 GC heap after
Heap after GC invocations=312 (full 137):
 PSYoungGen      total 154560K, used 1424K [0x00000000f5560000, 0x00000000fff80000, 0x0000000100000000)
  eden space 136000K, 0% used [0x00000000f5560000,0x00000000f5560000,0x00000000fda30000)
  from space 18560K, 7% used [0x00000000fda30000,0x00000000fdb94010,0x00000000fec50000)
  to   space 18880K, 0% used [0x00000000fed10000,0x00000000fed10000,0x00000000fff80000)
 ParOldGen       total 95680K, used 78354K [0x00000000e0000000, 0x00000000e5d70000, 0x00000000f5560000)
  object space 95680K, 81% used [0x00000000e0000000,0x00000000e4c84b10,0x00000000e5d70000)
 PSPermGen       total 86208K, used 85739K [0x00000000d0000000, 0x00000000d5430000, 0x00000000e0000000)
  object space 86208K, 99% used [0x00000000d0000000,0x00000000d53bad28,0x00000000d5430000)
}
Event: 87413.413 GC heap before
{Heap before GC invocations=313 (full 138):
 PSYoungGen      total 154560K, used 1424K [0x00000000f5560000, 0x00000000fff80000, 0x0000000100000000)
  eden space 136000K, 0% used [0x00000000f5560000,0x00000000f5560000,0x00000000fda30000)
  from space 18560K, 7% used [0x00000000fda30000,0x00000000fdb94010,0x00000000fec50000)
  to   space 18880K, 0% used [0x00000000fed10000,0x00000000fed10000,0x00000000fff80000)
 ParOldGen       total 95680K, used 78354K [0x00000000e0000000, 0x00000000e5d70000, 0x00000000f5560000)
  object space 95680K, 81% used [0x00000000e0000000,0x00000000e4c84b10,0x00000000e5d70000)
 PSPermGen       total 86208K, used 85739K [0x00000000d0000000, 0x00000000d5430000, 0x00000000e0000000)
  object space 86208K, 99% used [0x00000000d0000000,0x00000000d53bad28,0x00000000d5430000)
Event: 87413.612 GC heap after
Heap after GC invocations=313 (full 138):
 PSYoungGen      total 154560K, used 0K [0x00000000f5560000, 0x00000000fff80000, 0x0000000100000000)
  eden space 136000K, 0% used [0x00000000f5560000,0x00000000f5560000,0x00000000fda30000)
  from space 18560K, 0% used [0x00000000fda30000,0x00000000fda30000,0x00000000fec50000)
  to   space 18880K, 0% used [0x00000000fed10000,0x00000000fed10000,0x00000000fff80000)
 ParOldGen       total 95680K, used 39250K [0x00000000e0000000, 0x00000000e5d70000, 0x00000000f5560000)
  object space 95680K, 41% used [0x00000000e0000000,0x00000000e2654be0,0x00000000e5d70000)
 PSPermGen       total 86208K, used 85739K [0x00000000d0000000, 0x00000000d5430000, 0x00000000e0000000)
  object space 86208K, 99% used [0x00000000d0000000,0x00000000d53bad08,0x00000000d5430000)
}
Event: 87451.364 GC heap before
{Heap before GC invocations=314 (full 138):
 PSYoungGen      total 154560K, used 69655K [0x00000000f5560000, 0x00000000fff80000, 0x0000000100000000)
  eden space 136000K, 51% used [0x00000000f5560000,0x00000000f9965db0,0x00000000fda30000)
  from space 18560K, 0% used [0x00000000fda30000,0x00000000fda30000,0x00000000fec50000)
  to   space 18880K, 0% used [0x00000000fed10000,0x00000000fed10000,0x00000000fff80000)
 ParOldGen       total 95680K, used 39250K [0x00000000e0000000, 0x00000000e5d70000, 0x00000000f5560000)
  object space 95680K, 41% used [0x00000000e0000000,0x00000000e2654be0,0x00000000e5d70000)
 PSPermGen       total 86208K, used 85746K [0x00000000d0000000, 0x00000000d5430000, 0x00000000e0000000)
  object space 86208K, 99% used [0x00000000d0000000,0x00000000d53bcad8,0x00000000d5430000)
Event: 87451.379 GC heap after
Heap after GC invocations=314 (full 138):
 PSYoungGen      total 155264K, used 1512K [0x00000000f5560000, 0x00000000fffa0000, 0x0000000100000000)
  eden space 136384K, 0% used [0x00000000f5560000,0x00000000f5560000,0x00000000fda90000)
  from space 18880K, 8% used [0x00000000fed10000,0x00000000fee8a3c8,0x00000000fff80000)
  to   space 18944K, 0% used [0x00000000fda90000,0x00000000fda90000,0x00000000fed10000)
 ParOldGen       total 95680K, used 39250K [0x00000000e0000000, 0x00000000e5d70000, 0x00000000f5560000)
  object space 95680K, 41% used [0x00000000e0000000,0x00000000e2654be0,0x00000000e5d70000)
 PSPermGen       total 86208K, used 85746K [0x00000000d0000000, 0x00000000d5430000, 0x00000000e0000000)
  object space 86208K, 99% used [0x00000000d0000000,0x00000000d53bcad8,0x00000000d5430000)
}
Event: 87451.379 GC heap before
{Heap before GC invocations=315 (full 139):
 PSYoungGen      total 155264K, used 1512K [0x00000000f5560000, 0x00000000fffa0000, 0x0000000100000000)
  eden space 136384K, 0% used [0x00000000f5560000,0x00000000f5560000,0x00000000fda90000)
  from space 18880K, 8% used [0x00000000fed10000,0x00000000fee8a3c8,0x00000000fff80000)
  to   space 18944K, 0% used [0x00000000fda90000,0x00000000fda90000,0x00000000fed10000)
 ParOldGen       total 95680K, used 39250K [0x00000000e0000000, 0x00000000e5d70000, 0x00000000f5560000)
  object space 95680K, 41% used [0x00000000e0000000,0x00000000e2654be0,0x00000000e5d70000)
 PSPermGen       total 86208K, used 85746K [0x00000000d0000000, 0x00000000d5430000, 0x00000000e0000000)
  object space 86208K, 99% used [0x00000000d0000000,0x00000000d53bcad8,0x00000000d5430000)
Event: 87451.620 GC heap after
Heap after GC invocations=315 (full 139):
 PSYoungGen      total 155264K, used 0K [0x00000000f5560000, 0x00000000fffa0000, 0x0000000100000000)
  eden space 136384K, 0% used [0x00000000f5560000,0x00000000f5560000,0x00000000fda90000)
  from space 18880K, 0% used [0x00000000fed10000,0x00000000fed10000,0x00000000fff80000)
  to   space 18944K, 0% used [0x00000000fda90000,0x00000000fda90000,0x00000000fed10000)
 ParOldGen       total 95680K, used 40451K [0x00000000e0000000, 0x00000000e5d70000, 0x00000000f5560000)
  object space 95680K, 42% used [0x00000000e0000000,0x00000000e2780d80,0x00000000e5d70000)
 PSPermGen       total 86208K, used 85746K [0x00000000d0000000, 0x00000000d5430000, 0x00000000e0000000)
  object space 86208K, 99% used [0x00000000d0000000,0x00000000d53bcab8,0x00000000d5430000)
}

